<?xml version="1.0" encoding="utf-8"?><testsuites name="pytest tests"><testsuite name="pytest" errors="0" failures="0" skipped="0" tests="18" time="5.547" timestamp="2026-01-12T10:37:42.281706+00:00" hostname="agent-env-3dc49fe6-3b65-4d4c-8631-30959385eaae"><testcase classname="tests.test_cloudnest_iteration3.TestHealthAndBasics" name="test_health_endpoint" time="0.086" /><testcase classname="tests.test_cloudnest_iteration3.TestHealthAndBasics" name="test_plans_endpoint" time="0.044" /><testcase classname="tests.test_cloudnest_iteration3.TestAuthentication" name="test_user_login" time="0.307" /><testcase classname="tests.test_cloudnest_iteration3.TestAuthentication" name="test_admin_login" time="0.313" /><testcase classname="tests.test_cloudnest_iteration3.TestPasswordResetFlow" name="test_forgot_password_endpoint" time="0.051" /><testcase classname="tests.test_cloudnest_iteration3.TestPasswordResetFlow" name="test_reset_password_invalid_token" time="0.042" /><testcase classname="tests.test_cloudnest_iteration3.TestAdminSettingsEmailTab" name="test_get_admin_settings_with_email_fields" time="0.366" /><testcase classname="tests.test_cloudnest_iteration3.TestAdminSettingsEmailTab" name="test_update_email_settings" time="0.330" /><testcase classname="tests.test_cloudnest_iteration3.TestPDFInvoiceDownload" name="test_get_invoices" time="0.352" /><testcase classname="tests.test_cloudnest_iteration3.TestPDFInvoiceDownload" name="test_download_invoice_pdf" time="0.614" /><testcase classname="tests.test_cloudnest_iteration3.TestServerControlActions" name="test_get_servers" time="0.312" /><testcase classname="tests.test_cloudnest_iteration3.TestServerControlActions" name="test_server_control_action_without_server" time="0.314" /><testcase classname="tests.test_cloudnest_iteration3.TestPaymentProofUpload" name="test_upload_payment_proof" time="0.371" /><testcase classname="tests.test_cloudnest_iteration3.TestAdminOrdersWithUserDetails" name="test_admin_orders_include_user_details" time="0.380" /><testcase classname="tests.test_cloudnest_iteration3.TestAdminUserDetails" name="test_admin_get_users" time="0.335" /><testcase classname="tests.test_cloudnest_iteration3.TestAdminUserDetails" name="test_admin_get_user_details" time="0.350" /><testcase classname="tests.test_cloudnest_iteration3.TestAdminUserDetails" name="test_admin_notify_user" time="0.390" /><testcase classname="tests.test_cloudnest_iteration3.TestAdminUserDetailsNotFound" name="test_admin_get_user_details_not_found" time="0.382" /></testsuite></testsuites>