<?xml version="1.0" encoding="utf-8"?><testsuites name="pytest tests"><testsuite name="pytest" errors="0" failures="0" skipped="0" tests="24" time="5.913" timestamp="2026-01-12T14:26:57.147339+00:00" hostname="agent-env-3dc49fe6-3b65-4d4c-8631-30959385eaae"><testcase classname="tests.test_cloudnest_iteration4.TestHealthAndBasics" name="test_health_endpoint" time="0.071" /><testcase classname="tests.test_cloudnest_iteration4.TestDataCentersPublicEndpoint" name="test_get_datacenters_returns_list" time="0.041" /><testcase classname="tests.test_cloudnest_iteration4.TestDataCentersPublicEndpoint" name="test_datacenters_has_expected_count" time="0.037" /><testcase classname="tests.test_cloudnest_iteration4.TestDataCentersPublicEndpoint" name="test_datacenter_has_required_fields" time="0.043" /><testcase classname="tests.test_cloudnest_iteration4.TestDataCentersPublicEndpoint" name="test_datacenters_include_expected_locations" time="0.082" /><testcase classname="tests.test_cloudnest_iteration4.TestAddOnsPublicEndpoint" name="test_get_addons_returns_list" time="0.036" /><testcase classname="tests.test_cloudnest_iteration4.TestAddOnsPublicEndpoint" name="test_addons_has_expected_count" time="0.043" /><testcase classname="tests.test_cloudnest_iteration4.TestAddOnsPublicEndpoint" name="test_addon_has_required_fields" time="0.039" /><testcase classname="tests.test_cloudnest_iteration4.TestAddOnsPublicEndpoint" name="test_addons_include_expected_types" time="0.040" /><testcase classname="tests.test_cloudnest_iteration4.TestAdminDataCentersCRUD" name="test_admin_get_datacenters" time="0.300" /><testcase classname="tests.test_cloudnest_iteration4.TestAdminDataCentersCRUD" name="test_admin_create_datacenter" time="0.301" /><testcase classname="tests.test_cloudnest_iteration4.TestAdminDataCentersCRUD" name="test_admin_update_datacenter" time="0.336" /><testcase classname="tests.test_cloudnest_iteration4.TestAdminDataCentersCRUD" name="test_admin_delete_datacenter" time="0.385" /><testcase classname="tests.test_cloudnest_iteration4.TestAdminAddOnsCRUD" name="test_admin_get_addons" time="0.294" /><testcase classname="tests.test_cloudnest_iteration4.TestAdminAddOnsCRUD" name="test_admin_create_addon" time="0.297" /><testcase classname="tests.test_cloudnest_iteration4.TestAdminAddOnsCRUD" name="test_admin_update_addon" time="0.345" /><testcase classname="tests.test_cloudnest_iteration4.TestAdminAddOnsCRUD" name="test_admin_delete_addon" time="0.334" /><testcase classname="tests.test_cloudnest_iteration4.TestOrderWithDataCenterAndAddons" name="test_order_with_datacenter_id" time="0.385" /><testcase classname="tests.test_cloudnest_iteration4.TestOrderWithDataCenterAndAddons" name="test_order_with_addons" time="0.601" /><testcase classname="tests.test_cloudnest_iteration4.TestOrderWithDataCenterAndAddons" name="test_order_total_includes_addon_pricing" time="0.389" /><testcase classname="tests.test_cloudnest_iteration4.TestAdminUnsuspendServer" name="test_unsuspend_nonexistent_server" time="0.303" /><testcase classname="tests.test_cloudnest_iteration4.TestAdminUnsuspendServer" name="test_unsuspend_endpoint_exists" time="0.390" /><testcase classname="tests.test_cloudnest_iteration4.TestBackgroundTaskEndpoints" name="test_trigger_renewal_invoices_endpoint" time="0.310" /><testcase classname="tests.test_cloudnest_iteration4.TestBackgroundTaskEndpoints" name="test_trigger_suspend_overdue_endpoint" time="0.298" /></testsuite></testsuites>