<?xml version="1.0" encoding="utf-8"?><testsuites name="pytest tests"><testsuite name="pytest" errors="0" failures="0" skipped="0" tests="10" time="2.199" timestamp="2026-01-12T10:09:00.693373+00:00" hostname="agent-env-3dc49fe6-3b65-4d4c-8631-30959385eaae"><testcase classname="tests.test_cloudnest_api.TestHealthAndPublicEndpoints" name="test_health_endpoint" time="0.084" /><testcase classname="tests.test_cloudnest_api.TestHealthAndPublicEndpoints" name="test_public_settings_endpoint" time="0.037" /><testcase classname="tests.test_cloudnest_api.TestHealthAndPublicEndpoints" name="test_plans_endpoint" time="0.049" /><testcase classname="tests.test_cloudnest_api.TestAuthentication" name="test_user_login" time="0.274" /><testcase classname="tests.test_cloudnest_api.TestAuthentication" name="test_admin_login" time="0.261" /><testcase classname="tests.test_cloudnest_api.TestAdminSettings" name="test_get_admin_settings" time="0.300" /><testcase classname="tests.test_cloudnest_api.TestAdminSettings" name="test_update_admin_settings" time="0.361" /><testcase classname="tests.test_cloudnest_api.TestOrderFlow" name="test_create_order_with_none_control_panel" time="0.342" /><testcase classname="tests.test_cloudnest_api.TestOrderFlow" name="test_create_order_with_cpanel" time="0.330" /><testcase classname="tests.test_cloudnest_api.TestContactForm" name="test_contact_form_submission" time="0.044" /></testsuite></testsuites>