<?xml version="1.0" encoding="utf-8"?><testsuites name="pytest tests"><testsuite name="pytest" errors="0" failures="0" skipped="0" tests="19" time="9.158" timestamp="2026-01-14T16:44:44.286599+00:00" hostname="agent-env-ba2247eb-9fd3-4725-bb0d-e309642ed19f"><testcase classname="tests.test_cloudnest_iteration5.TestHealthAndBasics" name="test_health_endpoint" time="0.077" /><testcase classname="tests.test_cloudnest_iteration5.TestAdminLogin" name="test_admin_login" time="0.265" /><testcase classname="tests.test_cloudnest_iteration5.TestUserLogin" name="test_user_login" time="0.260" /><testcase classname="tests.test_cloudnest_iteration5.TestAdminOrdersPage" name="test_admin_get_orders_list" time="0.295" /><testcase classname="tests.test_cloudnest_iteration5.TestAdminOrdersPage" name="test_admin_orders_have_user_details" time="0.304" /><testcase classname="tests.test_cloudnest_iteration5.TestAdminOrdersPage" name="test_admin_orders_have_required_columns" time="0.296" /><testcase classname="tests.test_cloudnest_iteration5.TestAdminOrdersPage" name="test_admin_orders_filter_by_status" time="0.296" /><testcase classname="tests.test_cloudnest_iteration5.TestAdminUpdateOrderPaymentStatus" name="test_admin_update_payment_status_to_paid" time="1.157" /><testcase classname="tests.test_cloudnest_iteration5.TestAdminProvisionServer" name="test_provision_server_with_enhanced_fields" time="0.936" /><testcase classname="tests.test_cloudnest_iteration5.TestAdminProvisionServer" name="test_provision_server_updates_order_status" time="0.949" /><testcase classname="tests.test_cloudnest_iteration5.TestAdminServersPage" name="test_admin_get_servers_list" time="0.314" /><testcase classname="tests.test_cloudnest_iteration5.TestAdminServersPage" name="test_admin_servers_have_user_email" time="0.299" /><testcase classname="tests.test_cloudnest_iteration5.TestAdminServersPage" name="test_admin_servers_have_required_fields" time="0.335" /><testcase classname="tests.test_cloudnest_iteration5.TestAdminAllocateServer" name="test_allocate_server_with_external_payment" time="0.337" /><testcase classname="tests.test_cloudnest_iteration5.TestAdminAllocateServer" name="test_allocate_server_with_wallet_deduction" time="0.451" /><testcase classname="tests.test_cloudnest_iteration5.TestAdminAllocateServer" name="test_allocate_server_insufficient_balance" time="0.329" /><testcase classname="tests.test_cloudnest_iteration5.TestUserWalletPayment" name="test_order_with_wallet_payment" time="1.057" /><testcase classname="tests.test_cloudnest_iteration5.TestUserWalletPayment" name="test_order_with_wallet_insufficient_balance" time="0.676" /><testcase classname="tests.test_cloudnest_iteration5.TestInvoiceGeneration" name="test_invoice_created_on_allocation" time="0.390" /></testsuite></testsuites>